  CommandPrompt.cpp
s:\kpu\4-summer\system\practice\practice\commandprompt.cpp(27): warning C4996: 'wcscpy': This function or variable may be unsafe. Consider using wcscpy_s instead. To disable deprecation, use _CRT_SECURE_NO_WARNINGS. See online help for details.
  c:\program files (x86)\windows kits\10\include\10.0.14393.0\ucrt\corecrt_wstring.h(121): note: see declaration of 'wcscpy'
s:\kpu\4-summer\system\practice\practice\commandprompt.cpp(49): warning C4996: '_wcstok': This function or variable may be unsafe. Consider using wcstok_s instead. To disable deprecation, use _CRT_SECURE_NO_WARNINGS. See online help for details.
  c:\program files (x86)\windows kits\10\include\10.0.14393.0\ucrt\corecrt_wstring.h(240): note: see declaration of '_wcstok'
s:\kpu\4-summer\system\practice\practice\commandprompt.cpp(54): warning C4996: 'wcscpy': This function or variable may be unsafe. Consider using wcscpy_s instead. To disable deprecation, use _CRT_SECURE_NO_WARNINGS. See online help for details.
  c:\program files (x86)\windows kits\10\include\10.0.14393.0\ucrt\corecrt_wstring.h(121): note: see declaration of 'wcscpy'
s:\kpu\4-summer\system\practice\practice\commandprompt.cpp(55): warning C4996: '_wcstok': This function or variable may be unsafe. Consider using wcstok_s instead. To disable deprecation, use _CRT_SECURE_NO_WARNINGS. See online help for details.
  c:\program files (x86)\windows kits\10\include\10.0.14393.0\ucrt\corecrt_wstring.h(240): note: see declaration of '_wcstok'
s:\kpu\4-summer\system\practice\practice\commandprompt.cpp(96): warning C4996: '_swprintf': This function or variable may be unsafe. Consider using _swprintf_s instead. To disable deprecation, use _CRT_SECURE_NO_WARNINGS. See online help for details.
  c:\program files (x86)\windows kits\10\include\10.0.14393.0\ucrt\corecrt_wstdio.h(1446): note: see declaration of '_swprintf'
s:\kpu\4-summer\system\practice\practice\commandprompt.cpp(97): warning C4996: '_swprintf': This function or variable may be unsafe. Consider using _swprintf_s instead. To disable deprecation, use _CRT_SECURE_NO_WARNINGS. See online help for details.
  c:\program files (x86)\windows kits\10\include\10.0.14393.0\ucrt\corecrt_wstdio.h(1446): note: see declaration of '_swprintf'
s:\kpu\4-summer\system\practice\practice\commandprompt.cpp(107): warning C4996: '_swprintf': This function or variable may be unsafe. Consider using _swprintf_s instead. To disable deprecation, use _CRT_SECURE_NO_WARNINGS. See online help for details.
  c:\program files (x86)\windows kits\10\include\10.0.14393.0\ucrt\corecrt_wstdio.h(1446): note: see declaration of '_swprintf'
s:\kpu\4-summer\system\practice\practice\commandprompt.cpp(108): warning C4996: '_swprintf': This function or variable may be unsafe. Consider using _swprintf_s instead. To disable deprecation, use _CRT_SECURE_NO_WARNINGS. See online help for details.
  c:\program files (x86)\windows kits\10\include\10.0.14393.0\ucrt\corecrt_wstdio.h(1446): note: see declaration of '_swprintf'
s:\kpu\4-summer\system\practice\practice\commandprompt.cpp(111): warning C4996: '_swprintf': This function or variable may be unsafe. Consider using _swprintf_s instead. To disable deprecation, use _CRT_SECURE_NO_WARNINGS. See online help for details.
  c:\program files (x86)\windows kits\10\include\10.0.14393.0\ucrt\corecrt_wstdio.h(1446): note: see declaration of '_swprintf'
s:\kpu\4-summer\system\practice\practice\commandprompt.cpp(123): warning C4996: 'wcscpy': This function or variable may be unsafe. Consider using wcscpy_s instead. To disable deprecation, use _CRT_SECURE_NO_WARNINGS. See online help for details.
  c:\program files (x86)\windows kits\10\include\10.0.14393.0\ucrt\corecrt_wstring.h(121): note: see declaration of 'wcscpy'
s:\kpu\4-summer\system\practice\practice\commandprompt.cpp(124): warning C4996: '_swprintf': This function or variable may be unsafe. Consider using _swprintf_s instead. To disable deprecation, use _CRT_SECURE_NO_WARNINGS. See online help for details.
  c:\program files (x86)\windows kits\10\include\10.0.14393.0\ucrt\corecrt_wstdio.h(1446): note: see declaration of '_swprintf'
s:\kpu\4-summer\system\practice\practice\commandprompt.cpp(113): warning C4172: returning address of local variable or temporary: command
  Practice.vcxproj -> S:\KPU\4-Summer\System\Practice\Debug\Practice.exe
  Practice.vcxproj -> S:\KPU\4-Summer\System\Practice\Debug\Practice.pdb (Partial PDB)
